<?xml version="1.0" encoding="UTF-8"?>
<testng-results ignored="0" total="1" passed="1" failed="0" skipped="0">
  <reporter-output>
  </reporter-output>
  <suite started-at="2025-02-21T10:27:37 IST" name="Default suite" finished-at="2025-02-21T10:28:12 IST" duration-ms="34770">
    <groups>
    </groups>
    <test started-at="2025-02-21T10:27:37 IST" name="Default test" finished-at="2025-02-21T10:28:12 IST" duration-ms="34770">
      <class name="com.healthCare.arogyaTest.PersonalizedRecommendationsTest">
        <test-method is-config="true" signature="startServer()[pri:0, instance:com.healthCare.arogyaTest.PersonalizedRecommendationsTest@6d60fe40]" started-at="2025-02-21T10:27:37 IST" name="startServer" finished-at="2025-02-21T10:27:37 IST" duration-ms="26" status="PASS">
          <reporter-output>
          </reporter-output>
        </test-method> <!-- startServer -->
        <test-method is-config="true" signature="startApp()[pri:0, instance:com.healthCare.arogyaTest.PersonalizedRecommendationsTest@6d60fe40]" started-at="2025-02-21T10:27:37 IST" name="startApp" finished-at="2025-02-21T10:27:55 IST" duration-ms="18285" status="PASS">
          <reporter-output>
          </reporter-output>
        </test-method> <!-- startApp -->
        <test-method is-config="true" signature="login()[pri:0, instance:com.healthCare.arogyaTest.PersonalizedRecommendationsTest@6d60fe40]" started-at="2025-02-21T10:27:55 IST" name="login" finished-at="2025-02-21T10:28:03 IST" duration-ms="7987" status="PASS">
          <reporter-output>
          </reporter-output>
        </test-method> <!-- login -->
        <test-method signature="personalizedRecommendationsTest()[pri:0, instance:com.healthCare.arogyaTest.PersonalizedRecommendationsTest@6d60fe40]" started-at="2025-02-21T10:28:03 IST" name="personalizedRecommendationsTest" finished-at="2025-02-21T10:28:12 IST" duration-ms="8396" status="PASS">
          <reporter-output>
          </reporter-output>
        </test-method> <!-- personalizedRecommendationsTest -->
        <test-method is-config="true" signature="closeApp()[pri:0, instance:com.healthCare.arogyaTest.PersonalizedRecommendationsTest@6d60fe40]" started-at="2025-02-21T10:28:12 IST" name="closeApp" finished-at="2025-02-21T10:28:12 IST" duration-ms="2" status="PASS">
          <reporter-output>
          </reporter-output>
        </test-method> <!-- closeApp -->
        <test-method is-config="true" signature="uninstall()[pri:0, instance:com.healthCare.arogyaTest.PersonalizedRecommendationsTest@6d60fe40]" started-at="2025-02-21T10:28:12 IST" name="uninstall" finished-at="2025-02-21T10:28:12 IST" duration-ms="2" status="PASS">
          <reporter-output>
          </reporter-output>
        </test-method> <!-- uninstall -->
        <test-method is-config="true" signature="stopServer()[pri:0, instance:com.healthCare.arogyaTest.PersonalizedRecommendationsTest@6d60fe40]" started-at="2025-02-21T10:28:12 IST" name="stopServer" finished-at="2025-02-21T10:28:12 IST" duration-ms="1" status="PASS">
          <reporter-output>
          </reporter-output>
        </test-method> <!-- stopServer -->
      </class> <!-- com.healthCare.arogyaTest.PersonalizedRecommendationsTest -->
    </test> <!-- Default test -->
  </suite> <!-- Default suite -->
</testng-results>
